[2024-01-22 18:14:24] request.INFO: Matched route "admin_themes_import". {"route":"admin_themes_import","route_parameters":{"_controller":"PrestaShopBundle\\Controller\\Admin\\Improve\\Design\\ThemeController::importAction","_legacy_controller":"AdminThemes","_legacy_link":"AdminThemes:importtheme","_route":"admin_themes_import"},"request_uri":"http://localhost/Tienda_Jh_soft_ecommerce/admin969ku2sir/index.php/improve/design/themes/import?_token=E3GYkeainnnJb7KKDOxSuwAbEN2LcIbe4qiCzjwUFDQ","method":"POST"} []
[2024-01-22 18:14:24] security.DEBUG: Read existing security token from the session. {"key":"_security_main","token_class":"Symfony\\Component\\Security\\Core\\Authentication\\Token\\UsernamePasswordToken"} []
[2024-01-22 18:14:24] security.DEBUG: User was reloaded from a user provider. {"provider":"PrestaShopBundle\\Security\\Admin\\EmployeeProvider","username":"jhon@gmail.com"} []
[2024-01-22 18:14:29] app.ERROR: No result was found for query although at least one row was expected. {"object_type":"Translation"} []
[2024-01-22 18:14:29] app.ERROR: No result was found for query although at least one row was expected. {"object_type":"Translation"} []
[2024-01-22 18:14:29] app.ERROR: No result was found for query although at least one row was expected. {"object_type":"Translation"} []
[2024-01-22 18:14:29] app.ERROR: No result was found for query although at least one row was expected. {"object_type":"Translation"} []
[2024-01-22 18:14:29] app.ERROR: No result was found for query although at least one row was expected. {"object_type":"Translation"} []
[2024-01-22 18:14:29] app.ERROR: No result was found for query although at least one row was expected. {"object_type":"Translation"} []
[2024-01-22 18:14:29] app.ERROR: No result was found for query although at least one row was expected. {"object_type":"Translation"} []
[2024-01-22 18:14:29] app.ERROR: No result was found for query although at least one row was expected. {"object_type":"Translation"} []
[2024-01-22 18:14:29] app.ERROR: No result was found for query although at least one row was expected. {"object_type":"Translation"} []
[2024-01-22 18:14:29] app.ERROR: No result was found for query although at least one row was expected. {"object_type":"Translation"} []
[2024-01-22 18:14:29] app.ERROR: No result was found for query although at least one row was expected. {"object_type":"Translation"} []
[2024-01-22 18:14:29] app.ERROR: No result was found for query although at least one row was expected. {"object_type":"Translation"} []
[2024-01-22 18:14:29] app.ERROR: No result was found for query although at least one row was expected. {"object_type":"Translation"} []
[2024-01-22 18:14:29] app.ERROR: No result was found for query although at least one row was expected. {"object_type":"Translation"} []
[2024-01-22 18:14:29] app.ERROR: You must specify as many arguments (%d, %s ...) as the original string. {"object_type":"Translation"} []
[2024-01-22 18:14:29] app.ERROR: No result was found for query although at least one row was expected. {"object_type":"Translation"} []
[2024-01-22 18:14:29] app.ERROR: No result was found for query although at least one row was expected. {"object_type":"Translation"} []
[2024-01-22 18:14:29] app.ERROR: No result was found for query although at least one row was expected. {"object_type":"Translation"} []
[2024-01-22 18:14:29] app.ERROR: No result was found for query although at least one row was expected. {"object_type":"Translation"} []
[2024-01-22 18:14:29] app.ERROR: No result was found for query although at least one row was expected. {"object_type":"Translation"} []
[2024-01-22 18:14:29] app.ERROR: No result was found for query although at least one row was expected. {"object_type":"Translation"} []
[2024-01-22 18:14:29] app.ERROR: No result was found for query although at least one row was expected. {"object_type":"Translation"} []
[2024-01-22 18:14:29] app.ERROR: No result was found for query although at least one row was expected. {"object_type":"Translation"} []
[2024-01-22 18:14:29] app.ERROR: No result was found for query although at least one row was expected. {"object_type":"Translation"} []
[2024-01-22 18:14:29] app.ERROR: No result was found for query although at least one row was expected. {"object_type":"Translation"} []
[2024-01-22 18:14:29] app.ERROR: No result was found for query although at least one row was expected. {"object_type":"Translation"} []
[2024-01-22 18:14:30] security.DEBUG: Stored the security token in the session. {"key":"_security_main"} []
[2024-01-22 22:53:05] request.INFO: Matched route "api_translation_value_reset". {"route":"api_translation_value_reset","route_parameters":{"_controller":"prestashop.core.api.translation.controller:translationResetAction","_legacy_controller":"AdminTranslations","_route":"api_translation_value_reset"},"request_uri":"http://localhost/Tienda_Jh_soft_ecommerce/admin969ku2sir/index.php/api/translations/reset?_token=hJan5GLMKSbUKrE6E6iPgH9U1_IPkWxrij0a_UyiUZU","method":"POST"} []
[2024-01-22 22:53:05] security.DEBUG: Read existing security token from the session. {"key":"_security_main","token_class":"Symfony\\Component\\Security\\Core\\Authentication\\Token\\UsernamePasswordToken"} []
[2024-01-22 22:53:05] security.DEBUG: User was reloaded from a user provider. {"provider":"PrestaShopBundle\\Security\\Admin\\EmployeeProvider","username":"jhon@gmail.com"} []
[2024-01-22 22:53:05] app.ERROR: EntityManager#remove() expects parameter 1 to be an entity object, NULL given. [] []
[2024-01-22 22:53:06] cache.WARNING: Failed to clear the cache {"exception":"[object] (UnexpectedValueException(code: 0): RecursiveDirectoryIterator::__construct(C:\\xampp\\htdocs\\Tienda_Jh_soft_ecommerce\\var\\cache\\prod\\pools\\Aip4vHPnmh\\,C:\\xampp\\htdocs\\Tienda_Jh_soft_ecommerce\\var\\cache\\prod\\pools\\Aip4vHPnmh\\): El sistema no puede encontrar la ruta especificada. (code: 3) at C:\\xampp\\htdocs\\Tienda_Jh_soft_ecommerce\\vendor\\symfony\\symfony\\src\\Symfony\\Component\\Cache\\Traits\\FilesystemCommonTrait.php:58)"} []
[2024-01-22 22:53:06] cache.WARNING: Failed to clear the cache {"exception":"[object] (UnexpectedValueException(code: 0): RecursiveDirectoryIterator::__construct(C:\\xampp\\htdocs\\Tienda_Jh_soft_ecommerce\\var\\cache\\prod\\pools\\ldjgwhLj4i\\,C:\\xampp\\htdocs\\Tienda_Jh_soft_ecommerce\\var\\cache\\prod\\pools\\ldjgwhLj4i\\): El sistema no puede encontrar la ruta especificada. (code: 3) at C:\\xampp\\htdocs\\Tienda_Jh_soft_ecommerce\\vendor\\symfony\\symfony\\src\\Symfony\\Component\\Cache\\Traits\\FilesystemCommonTrait.php:58)"} []
[2024-01-22 22:53:06] cache.WARNING: Failed to clear the cache {"exception":"[object] (UnexpectedValueException(code: 0): RecursiveDirectoryIterator::__construct(C:\\xampp\\htdocs\\Tienda_Jh_soft_ecommerce\\var\\cache\\prod\\pools\\ooX0AeVtYi\\,C:\\xampp\\htdocs\\Tienda_Jh_soft_ecommerce\\var\\cache\\prod\\pools\\ooX0AeVtYi\\): El sistema no puede encontrar la ruta especificada. (code: 3) at C:\\xampp\\htdocs\\Tienda_Jh_soft_ecommerce\\vendor\\symfony\\symfony\\src\\Symfony\\Component\\Cache\\Traits\\FilesystemCommonTrait.php:58)"} []
[2024-01-22 22:53:06] cache.WARNING: Failed to clear the cache {"exception":"[object] (UnexpectedValueException(code: 0): RecursiveDirectoryIterator::__construct(C:\\xampp\\htdocs\\Tienda_Jh_soft_ecommerce\\var\\cache\\prod\\pools\\WTQTfV6Ltl\\,C:\\xampp\\htdocs\\Tienda_Jh_soft_ecommerce\\var\\cache\\prod\\pools\\WTQTfV6Ltl\\): El sistema no puede encontrar la ruta especificada. (code: 3) at C:\\xampp\\htdocs\\Tienda_Jh_soft_ecommerce\\vendor\\symfony\\symfony\\src\\Symfony\\Component\\Cache\\Traits\\FilesystemCommonTrait.php:58)"} []
[2024-01-22 22:53:06] security.DEBUG: Stored the security token in the session. {"key":"_security_main"} []
[2024-01-22 22:57:04] request.CRITICAL: Uncaught PHP Exception SmartyException: "unable to write file C:\xampp\htdocs\Tienda_Jh_soft_ecommerce\var\cache\prod\smarty\compile\61\8d\0e\618d0e4fa107439f5a41cf1a033b7cd2514bfb8d_0.file.login_addons.tpl.php" at C:\xampp\htdocs\Tienda_Jh_soft_ecommerce\vendor\smarty\smarty\libs\sysplugins\smarty_internal_runtime_writefile.php line 90 {"exception":"[object] (SmartyException(code: 0): unable to write file C:\\xampp\\htdocs\\Tienda_Jh_soft_ecommerce\\var\\cache\\prod\\smarty\\compile\\61\\8d\\0e\\618d0e4fa107439f5a41cf1a033b7cd2514bfb8d_0.file.login_addons.tpl.php at C:\\xampp\\htdocs\\Tienda_Jh_soft_ecommerce\\vendor\\smarty\\smarty\\libs\\sysplugins\\smarty_internal_runtime_writefile.php:90)"} []
[2024-01-22 22:58:12] request.INFO: Matched route "api_translation_value_edit". {"route":"api_translation_value_edit","route_parameters":{"_controller":"prestashop.core.api.translation.controller:translationEditAction","_legacy_controller":"AdminTranslations","_route":"api_translation_value_edit"},"request_uri":"http://localhost/Tienda_Jh_soft_ecommerce/admin969ku2sir/index.php/api/translations/edit?_token=hJan5GLMKSbUKrE6E6iPgH9U1_IPkWxrij0a_UyiUZU","method":"POST"} []
[2024-01-22 22:58:12] security.DEBUG: Read existing security token from the session. {"key":"_security_main","token_class":"Symfony\\Component\\Security\\Core\\Authentication\\Token\\UsernamePasswordToken"} []
[2024-01-22 22:58:12] security.DEBUG: User was reloaded from a user provider. {"provider":"PrestaShopBundle\\Security\\Admin\\EmployeeProvider","username":"jhon@gmail.com"} []
[2024-01-22 22:58:12] app.ERROR: No result was found for query although at least one row was expected. {"object_type":"Translation"} []
[2024-01-22 22:58:12] app.ERROR: No result was found for query although at least one row was expected. {"object_type":"Translation"} []
[2024-01-22 22:58:13] cache.WARNING: Failed to clear the cache {"exception":"[object] (UnexpectedValueException(code: 0): RecursiveDirectoryIterator::__construct(C:\\xampp\\htdocs\\Tienda_Jh_soft_ecommerce\\var\\cache\\prod\\pools\\Aip4vHPnmh\\,C:\\xampp\\htdocs\\Tienda_Jh_soft_ecommerce\\var\\cache\\prod\\pools\\Aip4vHPnmh\\): El sistema no puede encontrar la ruta especificada. (code: 3) at C:\\xampp\\htdocs\\Tienda_Jh_soft_ecommerce\\vendor\\symfony\\symfony\\src\\Symfony\\Component\\Cache\\Traits\\FilesystemCommonTrait.php:58)"} []
[2024-01-22 22:58:13] cache.WARNING: Failed to clear the cache {"exception":"[object] (UnexpectedValueException(code: 0): RecursiveDirectoryIterator::__construct(C:\\xampp\\htdocs\\Tienda_Jh_soft_ecommerce\\var\\cache\\prod\\pools\\ldjgwhLj4i\\,C:\\xampp\\htdocs\\Tienda_Jh_soft_ecommerce\\var\\cache\\prod\\pools\\ldjgwhLj4i\\): El sistema no puede encontrar la ruta especificada. (code: 3) at C:\\xampp\\htdocs\\Tienda_Jh_soft_ecommerce\\vendor\\symfony\\symfony\\src\\Symfony\\Component\\Cache\\Traits\\FilesystemCommonTrait.php:58)"} []
[2024-01-22 22:58:13] cache.WARNING: Failed to clear the cache {"exception":"[object] (UnexpectedValueException(code: 0): RecursiveDirectoryIterator::__construct(C:\\xampp\\htdocs\\Tienda_Jh_soft_ecommerce\\var\\cache\\prod\\pools\\ooX0AeVtYi\\,C:\\xampp\\htdocs\\Tienda_Jh_soft_ecommerce\\var\\cache\\prod\\pools\\ooX0AeVtYi\\): El sistema no puede encontrar la ruta especificada. (code: 3) at C:\\xampp\\htdocs\\Tienda_Jh_soft_ecommerce\\vendor\\symfony\\symfony\\src\\Symfony\\Component\\Cache\\Traits\\FilesystemCommonTrait.php:58)"} []
[2024-01-22 22:58:13] cache.WARNING: Failed to clear the cache {"exception":"[object] (UnexpectedValueException(code: 0): RecursiveDirectoryIterator::__construct(C:\\xampp\\htdocs\\Tienda_Jh_soft_ecommerce\\var\\cache\\prod\\pools\\WTQTfV6Ltl\\,C:\\xampp\\htdocs\\Tienda_Jh_soft_ecommerce\\var\\cache\\prod\\pools\\WTQTfV6Ltl\\): El sistema no puede encontrar la ruta especificada. (code: 3) at C:\\xampp\\htdocs\\Tienda_Jh_soft_ecommerce\\vendor\\symfony\\symfony\\src\\Symfony\\Component\\Cache\\Traits\\FilesystemCommonTrait.php:58)"} []
[2024-01-22 22:58:13] security.DEBUG: Stored the security token in the session. {"key":"_security_main"} []
[2024-01-22 22:58:49] request.INFO: Matched route "api_translation_value_edit". {"route":"api_translation_value_edit","route_parameters":{"_controller":"prestashop.core.api.translation.controller:translationEditAction","_legacy_controller":"AdminTranslations","_route":"api_translation_value_edit"},"request_uri":"http://localhost/Tienda_Jh_soft_ecommerce/admin969ku2sir/index.php/api/translations/edit?_token=hJan5GLMKSbUKrE6E6iPgH9U1_IPkWxrij0a_UyiUZU","method":"POST"} []
[2024-01-22 22:58:49] security.DEBUG: Read existing security token from the session. {"key":"_security_main","token_class":"Symfony\\Component\\Security\\Core\\Authentication\\Token\\UsernamePasswordToken"} []
[2024-01-22 22:58:49] security.DEBUG: User was reloaded from a user provider. {"provider":"PrestaShopBundle\\Security\\Admin\\EmployeeProvider","username":"jhon@gmail.com"} []
[2024-01-22 22:58:49] app.ERROR: No result was found for query although at least one row was expected. {"object_type":"Translation"} []
[2024-01-22 22:58:50] cache.WARNING: Failed to clear the cache {"exception":"[object] (UnexpectedValueException(code: 0): RecursiveDirectoryIterator::__construct(C:\\xampp\\htdocs\\Tienda_Jh_soft_ecommerce\\var\\cache\\prod\\pools\\Aip4vHPnmh\\,C:\\xampp\\htdocs\\Tienda_Jh_soft_ecommerce\\var\\cache\\prod\\pools\\Aip4vHPnmh\\): El sistema no puede encontrar la ruta especificada. (code: 3) at C:\\xampp\\htdocs\\Tienda_Jh_soft_ecommerce\\vendor\\symfony\\symfony\\src\\Symfony\\Component\\Cache\\Traits\\FilesystemCommonTrait.php:58)"} []
[2024-01-22 22:58:50] cache.WARNING: Failed to clear the cache {"exception":"[object] (UnexpectedValueException(code: 0): RecursiveDirectoryIterator::__construct(C:\\xampp\\htdocs\\Tienda_Jh_soft_ecommerce\\var\\cache\\prod\\pools\\ldjgwhLj4i\\,C:\\xampp\\htdocs\\Tienda_Jh_soft_ecommerce\\var\\cache\\prod\\pools\\ldjgwhLj4i\\): El sistema no puede encontrar la ruta especificada. (code: 3) at C:\\xampp\\htdocs\\Tienda_Jh_soft_ecommerce\\vendor\\symfony\\symfony\\src\\Symfony\\Component\\Cache\\Traits\\FilesystemCommonTrait.php:58)"} []
[2024-01-22 22:58:50] cache.WARNING: Failed to clear the cache {"exception":"[object] (UnexpectedValueException(code: 0): RecursiveDirectoryIterator::__construct(C:\\xampp\\htdocs\\Tienda_Jh_soft_ecommerce\\var\\cache\\prod\\pools\\ooX0AeVtYi\\,C:\\xampp\\htdocs\\Tienda_Jh_soft_ecommerce\\var\\cache\\prod\\pools\\ooX0AeVtYi\\): El sistema no puede encontrar la ruta especificada. (code: 3) at C:\\xampp\\htdocs\\Tienda_Jh_soft_ecommerce\\vendor\\symfony\\symfony\\src\\Symfony\\Component\\Cache\\Traits\\FilesystemCommonTrait.php:58)"} []
[2024-01-22 22:58:50] cache.WARNING: Failed to clear the cache {"exception":"[object] (UnexpectedValueException(code: 0): RecursiveDirectoryIterator::__construct(C:\\xampp\\htdocs\\Tienda_Jh_soft_ecommerce\\var\\cache\\prod\\pools\\WTQTfV6Ltl\\,C:\\xampp\\htdocs\\Tienda_Jh_soft_ecommerce\\var\\cache\\prod\\pools\\WTQTfV6Ltl\\): El sistema no puede encontrar la ruta especificada. (code: 3) at C:\\xampp\\htdocs\\Tienda_Jh_soft_ecommerce\\vendor\\symfony\\symfony\\src\\Symfony\\Component\\Cache\\Traits\\FilesystemCommonTrait.php:58)"} []
[2024-01-22 22:58:50] security.DEBUG: Stored the security token in the session. {"key":"_security_main"} []
[2024-01-22 23:00:29] request.INFO: Matched route "api_translation_value_edit". {"route":"api_translation_value_edit","route_parameters":{"_controller":"prestashop.core.api.translation.controller:translationEditAction","_legacy_controller":"AdminTranslations","_route":"api_translation_value_edit"},"request_uri":"http://localhost/Tienda_Jh_soft_ecommerce/admin969ku2sir/index.php/api/translations/edit?_token=hJan5GLMKSbUKrE6E6iPgH9U1_IPkWxrij0a_UyiUZU","method":"POST"} []
[2024-01-22 23:00:29] security.DEBUG: Read existing security token from the session. {"key":"_security_main","token_class":"Symfony\\Component\\Security\\Core\\Authentication\\Token\\UsernamePasswordToken"} []
[2024-01-22 23:00:29] security.DEBUG: User was reloaded from a user provider. {"provider":"PrestaShopBundle\\Security\\Admin\\EmployeeProvider","username":"jhon@gmail.com"} []
[2024-01-22 23:00:29] app.ERROR: No result was found for query although at least one row was expected. {"object_type":"Translation"} []
[2024-01-22 23:00:29] app.ERROR: No result was found for query although at least one row was expected. {"object_type":"Translation"} []
[2024-01-22 23:00:29] app.ERROR: No result was found for query although at least one row was expected. {"object_type":"Translation"} []
[2024-01-22 23:00:29] app.ERROR: No result was found for query although at least one row was expected. {"object_type":"Translation"} []
[2024-01-22 23:00:29] app.ERROR: No result was found for query although at least one row was expected. {"object_type":"Translation"} []
[2024-01-22 23:00:29] app.ERROR: No result was found for query although at least one row was expected. {"object_type":"Translation"} []
[2024-01-22 23:00:29] app.ERROR: No result was found for query although at least one row was expected. {"object_type":"Translation"} []
[2024-01-22 23:00:29] app.ERROR: No result was found for query although at least one row was expected. {"object_type":"Translation"} []
[2024-01-22 23:00:29] app.ERROR: No result was found for query although at least one row was expected. {"object_type":"Translation"} []
[2024-01-22 23:00:29] app.ERROR: No result was found for query although at least one row was expected. {"object_type":"Translation"} []
[2024-01-22 23:00:29] app.ERROR: No result was found for query although at least one row was expected. {"object_type":"Translation"} []
[2024-01-22 23:00:29] app.ERROR: No result was found for query although at least one row was expected. {"object_type":"Translation"} []
[2024-01-22 23:00:29] cache.WARNING: Failed to clear the cache {"exception":"[object] (UnexpectedValueException(code: 0): RecursiveDirectoryIterator::__construct(C:\\xampp\\htdocs\\Tienda_Jh_soft_ecommerce\\var\\cache\\prod\\pools\\Aip4vHPnmh\\,C:\\xampp\\htdocs\\Tienda_Jh_soft_ecommerce\\var\\cache\\prod\\pools\\Aip4vHPnmh\\): El sistema no puede encontrar la ruta especificada. (code: 3) at C:\\xampp\\htdocs\\Tienda_Jh_soft_ecommerce\\vendor\\symfony\\symfony\\src\\Symfony\\Component\\Cache\\Traits\\FilesystemCommonTrait.php:58)"} []
[2024-01-22 23:00:29] cache.WARNING: Failed to clear the cache {"exception":"[object] (UnexpectedValueException(code: 0): RecursiveDirectoryIterator::__construct(C:\\xampp\\htdocs\\Tienda_Jh_soft_ecommerce\\var\\cache\\prod\\pools\\ldjgwhLj4i\\,C:\\xampp\\htdocs\\Tienda_Jh_soft_ecommerce\\var\\cache\\prod\\pools\\ldjgwhLj4i\\): El sistema no puede encontrar la ruta especificada. (code: 3) at C:\\xampp\\htdocs\\Tienda_Jh_soft_ecommerce\\vendor\\symfony\\symfony\\src\\Symfony\\Component\\Cache\\Traits\\FilesystemCommonTrait.php:58)"} []
[2024-01-22 23:00:29] cache.WARNING: Failed to clear the cache {"exception":"[object] (UnexpectedValueException(code: 0): RecursiveDirectoryIterator::__construct(C:\\xampp\\htdocs\\Tienda_Jh_soft_ecommerce\\var\\cache\\prod\\pools\\ooX0AeVtYi\\,C:\\xampp\\htdocs\\Tienda_Jh_soft_ecommerce\\var\\cache\\prod\\pools\\ooX0AeVtYi\\): El sistema no puede encontrar la ruta especificada. (code: 3) at C:\\xampp\\htdocs\\Tienda_Jh_soft_ecommerce\\vendor\\symfony\\symfony\\src\\Symfony\\Component\\Cache\\Traits\\FilesystemCommonTrait.php:58)"} []
[2024-01-22 23:00:29] cache.WARNING: Failed to clear the cache {"exception":"[object] (UnexpectedValueException(code: 0): RecursiveDirectoryIterator::__construct(C:\\xampp\\htdocs\\Tienda_Jh_soft_ecommerce\\var\\cache\\prod\\pools\\WTQTfV6Ltl\\,C:\\xampp\\htdocs\\Tienda_Jh_soft_ecommerce\\var\\cache\\prod\\pools\\WTQTfV6Ltl\\): El sistema no puede encontrar la ruta especificada. (code: 3) at C:\\xampp\\htdocs\\Tienda_Jh_soft_ecommerce\\vendor\\symfony\\symfony\\src\\Symfony\\Component\\Cache\\Traits\\FilesystemCommonTrait.php:58)"} []
[2024-01-22 23:00:29] security.DEBUG: Stored the security token in the session. {"key":"_security_main"} []
[2024-01-22 23:03:56] request.INFO: Matched route "api_translation_value_edit". {"route":"api_translation_value_edit","route_parameters":{"_controller":"prestashop.core.api.translation.controller:translationEditAction","_legacy_controller":"AdminTranslations","_route":"api_translation_value_edit"},"request_uri":"http://localhost/Tienda_Jh_soft_ecommerce/admin969ku2sir/index.php/api/translations/edit?_token=hJan5GLMKSbUKrE6E6iPgH9U1_IPkWxrij0a_UyiUZU","method":"POST"} []
[2024-01-22 23:03:56] security.DEBUG: Read existing security token from the session. {"key":"_security_main","token_class":"Symfony\\Component\\Security\\Core\\Authentication\\Token\\UsernamePasswordToken"} []
[2024-01-22 23:03:56] security.DEBUG: User was reloaded from a user provider. {"provider":"PrestaShopBundle\\Security\\Admin\\EmployeeProvider","username":"jhon@gmail.com"} []
[2024-01-22 23:03:56] app.ERROR: No result was found for query although at least one row was expected. {"object_type":"Translation"} []
[2024-01-22 23:03:56] app.ERROR: No result was found for query although at least one row was expected. {"object_type":"Translation"} []
[2024-01-22 23:03:56] app.ERROR: No result was found for query although at least one row was expected. {"object_type":"Translation"} []
[2024-01-22 23:03:56] app.ERROR: No result was found for query although at least one row was expected. {"object_type":"Translation"} []
[2024-01-22 23:03:56] app.ERROR: No result was found for query although at least one row was expected. {"object_type":"Translation"} []
[2024-01-22 23:03:56] app.ERROR: No result was found for query although at least one row was expected. {"object_type":"Translation"} []
[2024-01-22 23:03:56] app.ERROR: No result was found for query although at least one row was expected. {"object_type":"Translation"} []
[2024-01-22 23:03:56] app.ERROR: No result was found for query although at least one row was expected. {"object_type":"Translation"} []
[2024-01-22 23:03:56] app.ERROR: No result was found for query although at least one row was expected. {"object_type":"Translation"} []
[2024-01-22 23:03:56] app.ERROR: No result was found for query although at least one row was expected. {"object_type":"Translation"} []
[2024-01-22 23:03:56] app.ERROR: No result was found for query although at least one row was expected. {"object_type":"Translation"} []
[2024-01-22 23:03:56] app.ERROR: No result was found for query although at least one row was expected. {"object_type":"Translation"} []
[2024-01-22 23:03:56] app.ERROR: No result was found for query although at least one row was expected. {"object_type":"Translation"} []
[2024-01-22 23:03:56] app.ERROR: No result was found for query although at least one row was expected. {"object_type":"Translation"} []
[2024-01-22 23:03:56] app.ERROR: No result was found for query although at least one row was expected. {"object_type":"Translation"} []
[2024-01-22 23:03:56] app.ERROR: No result was found for query although at least one row was expected. {"object_type":"Translation"} []
[2024-01-22 23:03:56] app.ERROR: No result was found for query although at least one row was expected. {"object_type":"Translation"} []
[2024-01-22 23:03:56] app.ERROR: No result was found for query although at least one row was expected. {"object_type":"Translation"} []
[2024-01-22 23:03:56] app.ERROR: No result was found for query although at least one row was expected. {"object_type":"Translation"} []
[2024-01-22 23:03:56] app.ERROR: No result was found for query although at least one row was expected. {"object_type":"Translation"} []
[2024-01-22 23:03:56] cache.WARNING: Failed to clear the cache {"exception":"[object] (UnexpectedValueException(code: 0): RecursiveDirectoryIterator::__construct(C:\\xampp\\htdocs\\Tienda_Jh_soft_ecommerce\\var\\cache\\prod\\pools\\Aip4vHPnmh\\,C:\\xampp\\htdocs\\Tienda_Jh_soft_ecommerce\\var\\cache\\prod\\pools\\Aip4vHPnmh\\): El sistema no puede encontrar la ruta especificada. (code: 3) at C:\\xampp\\htdocs\\Tienda_Jh_soft_ecommerce\\vendor\\symfony\\symfony\\src\\Symfony\\Component\\Cache\\Traits\\FilesystemCommonTrait.php:58)"} []
[2024-01-22 23:03:56] cache.WARNING: Failed to clear the cache {"exception":"[object] (UnexpectedValueException(code: 0): RecursiveDirectoryIterator::__construct(C:\\xampp\\htdocs\\Tienda_Jh_soft_ecommerce\\var\\cache\\prod\\pools\\ldjgwhLj4i\\,C:\\xampp\\htdocs\\Tienda_Jh_soft_ecommerce\\var\\cache\\prod\\pools\\ldjgwhLj4i\\): El sistema no puede encontrar la ruta especificada. (code: 3) at C:\\xampp\\htdocs\\Tienda_Jh_soft_ecommerce\\vendor\\symfony\\symfony\\src\\Symfony\\Component\\Cache\\Traits\\FilesystemCommonTrait.php:58)"} []
[2024-01-22 23:03:56] cache.WARNING: Failed to clear the cache {"exception":"[object] (UnexpectedValueException(code: 0): RecursiveDirectoryIterator::__construct(C:\\xampp\\htdocs\\Tienda_Jh_soft_ecommerce\\var\\cache\\prod\\pools\\ooX0AeVtYi\\,C:\\xampp\\htdocs\\Tienda_Jh_soft_ecommerce\\var\\cache\\prod\\pools\\ooX0AeVtYi\\): El sistema no puede encontrar la ruta especificada. (code: 3) at C:\\xampp\\htdocs\\Tienda_Jh_soft_ecommerce\\vendor\\symfony\\symfony\\src\\Symfony\\Component\\Cache\\Traits\\FilesystemCommonTrait.php:58)"} []
[2024-01-22 23:03:56] cache.WARNING: Failed to clear the cache {"exception":"[object] (UnexpectedValueException(code: 0): RecursiveDirectoryIterator::__construct(C:\\xampp\\htdocs\\Tienda_Jh_soft_ecommerce\\var\\cache\\prod\\pools\\WTQTfV6Ltl\\,C:\\xampp\\htdocs\\Tienda_Jh_soft_ecommerce\\var\\cache\\prod\\pools\\WTQTfV6Ltl\\): El sistema no puede encontrar la ruta especificada. (code: 3) at C:\\xampp\\htdocs\\Tienda_Jh_soft_ecommerce\\vendor\\symfony\\symfony\\src\\Symfony\\Component\\Cache\\Traits\\FilesystemCommonTrait.php:58)"} []
[2024-01-22 23:03:56] security.DEBUG: Stored the security token in the session. {"key":"_security_main"} []
[2024-01-22 23:06:02] request.INFO: Matched route "api_translation_value_edit". {"route":"api_translation_value_edit","route_parameters":{"_controller":"prestashop.core.api.translation.controller:translationEditAction","_legacy_controller":"AdminTranslations","_route":"api_translation_value_edit"},"request_uri":"http://localhost/Tienda_Jh_soft_ecommerce/admin969ku2sir/index.php/api/translations/edit?_token=hJan5GLMKSbUKrE6E6iPgH9U1_IPkWxrij0a_UyiUZU","method":"POST"} []
[2024-01-22 23:06:04] security.DEBUG: Read existing security token from the session. {"key":"_security_main","token_class":"Symfony\\Component\\Security\\Core\\Authentication\\Token\\UsernamePasswordToken"} []
[2024-01-22 23:06:04] security.DEBUG: User was reloaded from a user provider. {"provider":"PrestaShopBundle\\Security\\Admin\\EmployeeProvider","username":"jhon@gmail.com"} []
[2024-01-22 23:06:04] app.ERROR: No result was found for query although at least one row was expected. {"object_type":"Translation"} []
[2024-01-22 23:06:04] app.ERROR: No result was found for query although at least one row was expected. {"object_type":"Translation"} []
[2024-01-22 23:06:04] app.ERROR: No result was found for query although at least one row was expected. {"object_type":"Translation"} []
[2024-01-22 23:06:04] app.ERROR: No result was found for query although at least one row was expected. {"object_type":"Translation"} []
[2024-01-22 23:06:04] app.ERROR: No result was found for query although at least one row was expected. {"object_type":"Translation"} []
[2024-01-22 23:06:04] app.ERROR: No result was found for query although at least one row was expected. {"object_type":"Translation"} []
[2024-01-22 23:06:04] app.ERROR: No result was found for query although at least one row was expected. {"object_type":"Translation"} []
[2024-01-22 23:06:04] app.ERROR: No result was found for query although at least one row was expected. {"object_type":"Translation"} []
[2024-01-22 23:06:04] app.ERROR: No result was found for query although at least one row was expected. {"object_type":"Translation"} []
[2024-01-22 23:06:04] app.ERROR: No result was found for query although at least one row was expected. {"object_type":"Translation"} []
[2024-01-22 23:06:04] app.ERROR: No result was found for query although at least one row was expected. {"object_type":"Translation"} []
[2024-01-22 23:06:04] app.ERROR: No result was found for query although at least one row was expected. {"object_type":"Translation"} []
[2024-01-22 23:06:04] app.ERROR: No result was found for query although at least one row was expected. {"object_type":"Translation"} []
[2024-01-22 23:06:04] app.ERROR: No result was found for query although at least one row was expected. {"object_type":"Translation"} []
[2024-01-22 23:06:04] app.ERROR: No result was found for query although at least one row was expected. {"object_type":"Translation"} []
[2024-01-22 23:06:04] app.ERROR: No result was found for query although at least one row was expected. {"object_type":"Translation"} []
[2024-01-22 23:06:04] app.ERROR: No result was found for query although at least one row was expected. {"object_type":"Translation"} []
[2024-01-22 23:06:04] app.ERROR: No result was found for query although at least one row was expected. {"object_type":"Translation"} []
[2024-01-22 23:06:04] app.ERROR: No result was found for query although at least one row was expected. {"object_type":"Translation"} []
[2024-01-22 23:06:04] app.ERROR: No result was found for query although at least one row was expected. {"object_type":"Translation"} []
[2024-01-22 23:06:04] cache.WARNING: Failed to clear the cache {"exception":"[object] (UnexpectedValueException(code: 0): RecursiveDirectoryIterator::__construct(C:\\xampp\\htdocs\\Tienda_Jh_soft_ecommerce\\var\\cache\\prod\\pools\\Aip4vHPnmh\\,C:\\xampp\\htdocs\\Tienda_Jh_soft_ecommerce\\var\\cache\\prod\\pools\\Aip4vHPnmh\\): El sistema no puede encontrar la ruta especificada. (code: 3) at C:\\xampp\\htdocs\\Tienda_Jh_soft_ecommerce\\vendor\\symfony\\symfony\\src\\Symfony\\Component\\Cache\\Traits\\FilesystemCommonTrait.php:58)"} []
[2024-01-22 23:06:04] cache.WARNING: Failed to clear the cache {"exception":"[object] (UnexpectedValueException(code: 0): RecursiveDirectoryIterator::__construct(C:\\xampp\\htdocs\\Tienda_Jh_soft_ecommerce\\var\\cache\\prod\\pools\\ldjgwhLj4i\\,C:\\xampp\\htdocs\\Tienda_Jh_soft_ecommerce\\var\\cache\\prod\\pools\\ldjgwhLj4i\\): El sistema no puede encontrar la ruta especificada. (code: 3) at C:\\xampp\\htdocs\\Tienda_Jh_soft_ecommerce\\vendor\\symfony\\symfony\\src\\Symfony\\Component\\Cache\\Traits\\FilesystemCommonTrait.php:58)"} []
[2024-01-22 23:06:04] cache.WARNING: Failed to clear the cache {"exception":"[object] (UnexpectedValueException(code: 0): RecursiveDirectoryIterator::__construct(C:\\xampp\\htdocs\\Tienda_Jh_soft_ecommerce\\var\\cache\\prod\\pools\\ooX0AeVtYi\\,C:\\xampp\\htdocs\\Tienda_Jh_soft_ecommerce\\var\\cache\\prod\\pools\\ooX0AeVtYi\\): El sistema no puede encontrar la ruta especificada. (code: 3) at C:\\xampp\\htdocs\\Tienda_Jh_soft_ecommerce\\vendor\\symfony\\symfony\\src\\Symfony\\Component\\Cache\\Traits\\FilesystemCommonTrait.php:58)"} []
[2024-01-22 23:06:04] cache.WARNING: Failed to clear the cache {"exception":"[object] (UnexpectedValueException(code: 0): RecursiveDirectoryIterator::__construct(C:\\xampp\\htdocs\\Tienda_Jh_soft_ecommerce\\var\\cache\\prod\\pools\\WTQTfV6Ltl\\,C:\\xampp\\htdocs\\Tienda_Jh_soft_ecommerce\\var\\cache\\prod\\pools\\WTQTfV6Ltl\\): El sistema no puede encontrar la ruta especificada. (code: 3) at C:\\xampp\\htdocs\\Tienda_Jh_soft_ecommerce\\vendor\\symfony\\symfony\\src\\Symfony\\Component\\Cache\\Traits\\FilesystemCommonTrait.php:58)"} []
[2024-01-22 23:06:04] security.DEBUG: Stored the security token in the session. {"key":"_security_main"} []
[2024-01-22 23:06:21] request.INFO: Matched route "api_translation_value_edit". {"route":"api_translation_value_edit","route_parameters":{"_controller":"prestashop.core.api.translation.controller:translationEditAction","_legacy_controller":"AdminTranslations","_route":"api_translation_value_edit"},"request_uri":"http://localhost/Tienda_Jh_soft_ecommerce/admin969ku2sir/index.php/api/translations/edit?_token=hJan5GLMKSbUKrE6E6iPgH9U1_IPkWxrij0a_UyiUZU","method":"POST"} []
[2024-01-22 23:06:21] security.DEBUG: Read existing security token from the session. {"key":"_security_main","token_class":"Symfony\\Component\\Security\\Core\\Authentication\\Token\\UsernamePasswordToken"} []
[2024-01-22 23:06:21] security.DEBUG: User was reloaded from a user provider. {"provider":"PrestaShopBundle\\Security\\Admin\\EmployeeProvider","username":"jhon@gmail.com"} []
[2024-01-22 23:06:21] app.ERROR: No result was found for query although at least one row was expected. {"object_type":"Translation"} []
[2024-01-22 23:06:21] app.ERROR: No result was found for query although at least one row was expected. {"object_type":"Translation"} []
[2024-01-22 23:06:21] app.ERROR: No result was found for query although at least one row was expected. {"object_type":"Translation"} []
[2024-01-22 23:06:21] cache.WARNING: Failed to clear the cache {"exception":"[object] (UnexpectedValueException(code: 0): RecursiveDirectoryIterator::__construct(C:\\xampp\\htdocs\\Tienda_Jh_soft_ecommerce\\var\\cache\\prod\\pools\\Aip4vHPnmh\\,C:\\xampp\\htdocs\\Tienda_Jh_soft_ecommerce\\var\\cache\\prod\\pools\\Aip4vHPnmh\\): El sistema no puede encontrar la ruta especificada. (code: 3) at C:\\xampp\\htdocs\\Tienda_Jh_soft_ecommerce\\vendor\\symfony\\symfony\\src\\Symfony\\Component\\Cache\\Traits\\FilesystemCommonTrait.php:58)"} []
[2024-01-22 23:06:21] cache.WARNING: Failed to clear the cache {"exception":"[object] (UnexpectedValueException(code: 0): RecursiveDirectoryIterator::__construct(C:\\xampp\\htdocs\\Tienda_Jh_soft_ecommerce\\var\\cache\\prod\\pools\\ldjgwhLj4i\\,C:\\xampp\\htdocs\\Tienda_Jh_soft_ecommerce\\var\\cache\\prod\\pools\\ldjgwhLj4i\\): El sistema no puede encontrar la ruta especificada. (code: 3) at C:\\xampp\\htdocs\\Tienda_Jh_soft_ecommerce\\vendor\\symfony\\symfony\\src\\Symfony\\Component\\Cache\\Traits\\FilesystemCommonTrait.php:58)"} []
[2024-01-22 23:06:21] cache.WARNING: Failed to clear the cache {"exception":"[object] (UnexpectedValueException(code: 0): RecursiveDirectoryIterator::__construct(C:\\xampp\\htdocs\\Tienda_Jh_soft_ecommerce\\var\\cache\\prod\\pools\\ooX0AeVtYi\\,C:\\xampp\\htdocs\\Tienda_Jh_soft_ecommerce\\var\\cache\\prod\\pools\\ooX0AeVtYi\\): El sistema no puede encontrar la ruta especificada. (code: 3) at C:\\xampp\\htdocs\\Tienda_Jh_soft_ecommerce\\vendor\\symfony\\symfony\\src\\Symfony\\Component\\Cache\\Traits\\FilesystemCommonTrait.php:58)"} []
[2024-01-22 23:06:21] cache.WARNING: Failed to clear the cache {"exception":"[object] (UnexpectedValueException(code: 0): RecursiveDirectoryIterator::__construct(C:\\xampp\\htdocs\\Tienda_Jh_soft_ecommerce\\var\\cache\\prod\\pools\\WTQTfV6Ltl\\,C:\\xampp\\htdocs\\Tienda_Jh_soft_ecommerce\\var\\cache\\prod\\pools\\WTQTfV6Ltl\\): El sistema no puede encontrar la ruta especificada. (code: 3) at C:\\xampp\\htdocs\\Tienda_Jh_soft_ecommerce\\vendor\\symfony\\symfony\\src\\Symfony\\Component\\Cache\\Traits\\FilesystemCommonTrait.php:58)"} []
[2024-01-22 23:06:21] security.DEBUG: Stored the security token in the session. {"key":"_security_main"} []
[2024-01-22 23:07:34] request.INFO: Matched route "api_translation_value_edit". {"route":"api_translation_value_edit","route_parameters":{"_controller":"prestashop.core.api.translation.controller:translationEditAction","_legacy_controller":"AdminTranslations","_route":"api_translation_value_edit"},"request_uri":"http://localhost/Tienda_Jh_soft_ecommerce/admin969ku2sir/index.php/api/translations/edit?_token=hJan5GLMKSbUKrE6E6iPgH9U1_IPkWxrij0a_UyiUZU","method":"POST"} []
[2024-01-22 23:07:34] security.DEBUG: Read existing security token from the session. {"key":"_security_main","token_class":"Symfony\\Component\\Security\\Core\\Authentication\\Token\\UsernamePasswordToken"} []
[2024-01-22 23:07:34] security.DEBUG: User was reloaded from a user provider. {"provider":"PrestaShopBundle\\Security\\Admin\\EmployeeProvider","username":"jhon@gmail.com"} []
[2024-01-22 23:07:34] app.ERROR: No result was found for query although at least one row was expected. {"object_type":"Translation"} []
[2024-01-22 23:07:34] app.ERROR: No result was found for query although at least one row was expected. {"object_type":"Translation"} []
[2024-01-22 23:07:34] app.ERROR: No result was found for query although at least one row was expected. {"object_type":"Translation"} []
[2024-01-22 23:07:34] app.ERROR: No result was found for query although at least one row was expected. {"object_type":"Translation"} []
[2024-01-22 23:07:34] app.ERROR: No result was found for query although at least one row was expected. {"object_type":"Translation"} []
[2024-01-22 23:07:34] app.ERROR: No result was found for query although at least one row was expected. {"object_type":"Translation"} []
[2024-01-22 23:07:34] app.ERROR: No result was found for query although at least one row was expected. {"object_type":"Translation"} []
[2024-01-22 23:07:35] cache.WARNING: Failed to clear the cache {"exception":"[object] (UnexpectedValueException(code: 0): RecursiveDirectoryIterator::__construct(C:\\xampp\\htdocs\\Tienda_Jh_soft_ecommerce\\var\\cache\\prod\\pools\\Aip4vHPnmh\\,C:\\xampp\\htdocs\\Tienda_Jh_soft_ecommerce\\var\\cache\\prod\\pools\\Aip4vHPnmh\\): El sistema no puede encontrar la ruta especificada. (code: 3) at C:\\xampp\\htdocs\\Tienda_Jh_soft_ecommerce\\vendor\\symfony\\symfony\\src\\Symfony\\Component\\Cache\\Traits\\FilesystemCommonTrait.php:58)"} []
[2024-01-22 23:07:35] cache.WARNING: Failed to clear the cache {"exception":"[object] (UnexpectedValueException(code: 0): RecursiveDirectoryIterator::__construct(C:\\xampp\\htdocs\\Tienda_Jh_soft_ecommerce\\var\\cache\\prod\\pools\\ldjgwhLj4i\\,C:\\xampp\\htdocs\\Tienda_Jh_soft_ecommerce\\var\\cache\\prod\\pools\\ldjgwhLj4i\\): El sistema no puede encontrar la ruta especificada. (code: 3) at C:\\xampp\\htdocs\\Tienda_Jh_soft_ecommerce\\vendor\\symfony\\symfony\\src\\Symfony\\Component\\Cache\\Traits\\FilesystemCommonTrait.php:58)"} []
[2024-01-22 23:07:35] cache.WARNING: Failed to clear the cache {"exception":"[object] (UnexpectedValueException(code: 0): RecursiveDirectoryIterator::__construct(C:\\xampp\\htdocs\\Tienda_Jh_soft_ecommerce\\var\\cache\\prod\\pools\\ooX0AeVtYi\\,C:\\xampp\\htdocs\\Tienda_Jh_soft_ecommerce\\var\\cache\\prod\\pools\\ooX0AeVtYi\\): El sistema no puede encontrar la ruta especificada. (code: 3) at C:\\xampp\\htdocs\\Tienda_Jh_soft_ecommerce\\vendor\\symfony\\symfony\\src\\Symfony\\Component\\Cache\\Traits\\FilesystemCommonTrait.php:58)"} []
[2024-01-22 23:07:35] cache.WARNING: Failed to clear the cache {"exception":"[object] (UnexpectedValueException(code: 0): RecursiveDirectoryIterator::__construct(C:\\xampp\\htdocs\\Tienda_Jh_soft_ecommerce\\var\\cache\\prod\\pools\\WTQTfV6Ltl\\,C:\\xampp\\htdocs\\Tienda_Jh_soft_ecommerce\\var\\cache\\prod\\pools\\WTQTfV6Ltl\\): El sistema no puede encontrar la ruta especificada. (code: 3) at C:\\xampp\\htdocs\\Tienda_Jh_soft_ecommerce\\vendor\\symfony\\symfony\\src\\Symfony\\Component\\Cache\\Traits\\FilesystemCommonTrait.php:58)"} []
[2024-01-22 23:07:35] security.DEBUG: Stored the security token in the session. {"key":"_security_main"} []
[2024-01-22 23:08:34] request.INFO: Matched route "api_translation_value_edit". {"route":"api_translation_value_edit","route_parameters":{"_controller":"prestashop.core.api.translation.controller:translationEditAction","_legacy_controller":"AdminTranslations","_route":"api_translation_value_edit"},"request_uri":"http://localhost/Tienda_Jh_soft_ecommerce/admin969ku2sir/index.php/api/translations/edit?_token=hJan5GLMKSbUKrE6E6iPgH9U1_IPkWxrij0a_UyiUZU","method":"POST"} []
[2024-01-22 23:08:34] security.DEBUG: Read existing security token from the session. {"key":"_security_main","token_class":"Symfony\\Component\\Security\\Core\\Authentication\\Token\\UsernamePasswordToken"} []
[2024-01-22 23:08:34] security.DEBUG: User was reloaded from a user provider. {"provider":"PrestaShopBundle\\Security\\Admin\\EmployeeProvider","username":"jhon@gmail.com"} []
[2024-01-22 23:08:35] app.ERROR: No result was found for query although at least one row was expected. {"object_type":"Translation"} []
[2024-01-22 23:08:35] app.ERROR: No result was found for query although at least one row was expected. {"object_type":"Translation"} []
[2024-01-22 23:08:35] app.ERROR: No result was found for query although at least one row was expected. {"object_type":"Translation"} []
[2024-01-22 23:08:35] cache.WARNING: Failed to clear the cache {"exception":"[object] (UnexpectedValueException(code: 0): RecursiveDirectoryIterator::__construct(C:\\xampp\\htdocs\\Tienda_Jh_soft_ecommerce\\var\\cache\\prod\\pools\\Aip4vHPnmh\\,C:\\xampp\\htdocs\\Tienda_Jh_soft_ecommerce\\var\\cache\\prod\\pools\\Aip4vHPnmh\\): El sistema no puede encontrar la ruta especificada. (code: 3) at C:\\xampp\\htdocs\\Tienda_Jh_soft_ecommerce\\vendor\\symfony\\symfony\\src\\Symfony\\Component\\Cache\\Traits\\FilesystemCommonTrait.php:58)"} []
[2024-01-22 23:08:35] cache.WARNING: Failed to clear the cache {"exception":"[object] (UnexpectedValueException(code: 0): RecursiveDirectoryIterator::__construct(C:\\xampp\\htdocs\\Tienda_Jh_soft_ecommerce\\var\\cache\\prod\\pools\\ldjgwhLj4i\\,C:\\xampp\\htdocs\\Tienda_Jh_soft_ecommerce\\var\\cache\\prod\\pools\\ldjgwhLj4i\\): El sistema no puede encontrar la ruta especificada. (code: 3) at C:\\xampp\\htdocs\\Tienda_Jh_soft_ecommerce\\vendor\\symfony\\symfony\\src\\Symfony\\Component\\Cache\\Traits\\FilesystemCommonTrait.php:58)"} []
[2024-01-22 23:08:35] cache.WARNING: Failed to clear the cache {"exception":"[object] (UnexpectedValueException(code: 0): RecursiveDirectoryIterator::__construct(C:\\xampp\\htdocs\\Tienda_Jh_soft_ecommerce\\var\\cache\\prod\\pools\\ooX0AeVtYi\\,C:\\xampp\\htdocs\\Tienda_Jh_soft_ecommerce\\var\\cache\\prod\\pools\\ooX0AeVtYi\\): El sistema no puede encontrar la ruta especificada. (code: 3) at C:\\xampp\\htdocs\\Tienda_Jh_soft_ecommerce\\vendor\\symfony\\symfony\\src\\Symfony\\Component\\Cache\\Traits\\FilesystemCommonTrait.php:58)"} []
[2024-01-22 23:08:35] cache.WARNING: Failed to clear the cache {"exception":"[object] (UnexpectedValueException(code: 0): RecursiveDirectoryIterator::__construct(C:\\xampp\\htdocs\\Tienda_Jh_soft_ecommerce\\var\\cache\\prod\\pools\\WTQTfV6Ltl\\,C:\\xampp\\htdocs\\Tienda_Jh_soft_ecommerce\\var\\cache\\prod\\pools\\WTQTfV6Ltl\\): El sistema no puede encontrar la ruta especificada. (code: 3) at C:\\xampp\\htdocs\\Tienda_Jh_soft_ecommerce\\vendor\\symfony\\symfony\\src\\Symfony\\Component\\Cache\\Traits\\FilesystemCommonTrait.php:58)"} []
[2024-01-22 23:08:35] security.DEBUG: Stored the security token in the session. {"key":"_security_main"} []
[2024-01-22 23:09:03] request.INFO: Matched route "api_translation_value_edit". {"route":"api_translation_value_edit","route_parameters":{"_controller":"prestashop.core.api.translation.controller:translationEditAction","_legacy_controller":"AdminTranslations","_route":"api_translation_value_edit"},"request_uri":"http://localhost/Tienda_Jh_soft_ecommerce/admin969ku2sir/index.php/api/translations/edit?_token=hJan5GLMKSbUKrE6E6iPgH9U1_IPkWxrij0a_UyiUZU","method":"POST"} []
[2024-01-22 23:09:03] security.DEBUG: Read existing security token from the session. {"key":"_security_main","token_class":"Symfony\\Component\\Security\\Core\\Authentication\\Token\\UsernamePasswordToken"} []
[2024-01-22 23:09:03] security.DEBUG: User was reloaded from a user provider. {"provider":"PrestaShopBundle\\Security\\Admin\\EmployeeProvider","username":"jhon@gmail.com"} []
[2024-01-22 23:09:03] app.ERROR: No result was found for query although at least one row was expected. {"object_type":"Translation"} []
[2024-01-22 23:09:03] app.ERROR: No result was found for query although at least one row was expected. {"object_type":"Translation"} []
[2024-01-22 23:09:03] app.ERROR: No result was found for query although at least one row was expected. {"object_type":"Translation"} []
[2024-01-22 23:09:04] cache.WARNING: Failed to clear the cache {"exception":"[object] (UnexpectedValueException(code: 0): RecursiveDirectoryIterator::__construct(C:\\xampp\\htdocs\\Tienda_Jh_soft_ecommerce\\var\\cache\\prod\\pools\\Aip4vHPnmh\\,C:\\xampp\\htdocs\\Tienda_Jh_soft_ecommerce\\var\\cache\\prod\\pools\\Aip4vHPnmh\\): El sistema no puede encontrar la ruta especificada. (code: 3) at C:\\xampp\\htdocs\\Tienda_Jh_soft_ecommerce\\vendor\\symfony\\symfony\\src\\Symfony\\Component\\Cache\\Traits\\FilesystemCommonTrait.php:58)"} []
[2024-01-22 23:09:04] cache.WARNING: Failed to clear the cache {"exception":"[object] (UnexpectedValueException(code: 0): RecursiveDirectoryIterator::__construct(C:\\xampp\\htdocs\\Tienda_Jh_soft_ecommerce\\var\\cache\\prod\\pools\\ldjgwhLj4i\\,C:\\xampp\\htdocs\\Tienda_Jh_soft_ecommerce\\var\\cache\\prod\\pools\\ldjgwhLj4i\\): El sistema no puede encontrar la ruta especificada. (code: 3) at C:\\xampp\\htdocs\\Tienda_Jh_soft_ecommerce\\vendor\\symfony\\symfony\\src\\Symfony\\Component\\Cache\\Traits\\FilesystemCommonTrait.php:58)"} []
[2024-01-22 23:09:04] cache.WARNING: Failed to clear the cache {"exception":"[object] (UnexpectedValueException(code: 0): RecursiveDirectoryIterator::__construct(C:\\xampp\\htdocs\\Tienda_Jh_soft_ecommerce\\var\\cache\\prod\\pools\\ooX0AeVtYi\\,C:\\xampp\\htdocs\\Tienda_Jh_soft_ecommerce\\var\\cache\\prod\\pools\\ooX0AeVtYi\\): El sistema no puede encontrar la ruta especificada. (code: 3) at C:\\xampp\\htdocs\\Tienda_Jh_soft_ecommerce\\vendor\\symfony\\symfony\\src\\Symfony\\Component\\Cache\\Traits\\FilesystemCommonTrait.php:58)"} []
[2024-01-22 23:09:04] cache.WARNING: Failed to clear the cache {"exception":"[object] (UnexpectedValueException(code: 0): RecursiveDirectoryIterator::__construct(C:\\xampp\\htdocs\\Tienda_Jh_soft_ecommerce\\var\\cache\\prod\\pools\\WTQTfV6Ltl\\,C:\\xampp\\htdocs\\Tienda_Jh_soft_ecommerce\\var\\cache\\prod\\pools\\WTQTfV6Ltl\\): El sistema no puede encontrar la ruta especificada. (code: 3) at C:\\xampp\\htdocs\\Tienda_Jh_soft_ecommerce\\vendor\\symfony\\symfony\\src\\Symfony\\Component\\Cache\\Traits\\FilesystemCommonTrait.php:58)"} []
[2024-01-22 23:09:04] security.DEBUG: Stored the security token in the session. {"key":"_security_main"} []
[2024-01-22 23:09:45] request.INFO: Matched route "api_translation_value_edit". {"route":"api_translation_value_edit","route_parameters":{"_controller":"prestashop.core.api.translation.controller:translationEditAction","_legacy_controller":"AdminTranslations","_route":"api_translation_value_edit"},"request_uri":"http://localhost/Tienda_Jh_soft_ecommerce/admin969ku2sir/index.php/api/translations/edit?_token=hJan5GLMKSbUKrE6E6iPgH9U1_IPkWxrij0a_UyiUZU","method":"POST"} []
[2024-01-22 23:09:45] security.DEBUG: Read existing security token from the session. {"key":"_security_main","token_class":"Symfony\\Component\\Security\\Core\\Authentication\\Token\\UsernamePasswordToken"} []
[2024-01-22 23:09:45] security.DEBUG: User was reloaded from a user provider. {"provider":"PrestaShopBundle\\Security\\Admin\\EmployeeProvider","username":"jhon@gmail.com"} []
[2024-01-22 23:09:45] app.ERROR: No result was found for query although at least one row was expected. {"object_type":"Translation"} []
[2024-01-22 23:09:45] cache.WARNING: Failed to clear the cache {"exception":"[object] (UnexpectedValueException(code: 0): RecursiveDirectoryIterator::__construct(C:\\xampp\\htdocs\\Tienda_Jh_soft_ecommerce\\var\\cache\\prod\\pools\\Aip4vHPnmh\\,C:\\xampp\\htdocs\\Tienda_Jh_soft_ecommerce\\var\\cache\\prod\\pools\\Aip4vHPnmh\\): El sistema no puede encontrar la ruta especificada. (code: 3) at C:\\xampp\\htdocs\\Tienda_Jh_soft_ecommerce\\vendor\\symfony\\symfony\\src\\Symfony\\Component\\Cache\\Traits\\FilesystemCommonTrait.php:58)"} []
[2024-01-22 23:09:45] cache.WARNING: Failed to clear the cache {"exception":"[object] (UnexpectedValueException(code: 0): RecursiveDirectoryIterator::__construct(C:\\xampp\\htdocs\\Tienda_Jh_soft_ecommerce\\var\\cache\\prod\\pools\\ldjgwhLj4i\\,C:\\xampp\\htdocs\\Tienda_Jh_soft_ecommerce\\var\\cache\\prod\\pools\\ldjgwhLj4i\\): El sistema no puede encontrar la ruta especificada. (code: 3) at C:\\xampp\\htdocs\\Tienda_Jh_soft_ecommerce\\vendor\\symfony\\symfony\\src\\Symfony\\Component\\Cache\\Traits\\FilesystemCommonTrait.php:58)"} []
[2024-01-22 23:09:45] cache.WARNING: Failed to clear the cache {"exception":"[object] (UnexpectedValueException(code: 0): RecursiveDirectoryIterator::__construct(C:\\xampp\\htdocs\\Tienda_Jh_soft_ecommerce\\var\\cache\\prod\\pools\\ooX0AeVtYi\\,C:\\xampp\\htdocs\\Tienda_Jh_soft_ecommerce\\var\\cache\\prod\\pools\\ooX0AeVtYi\\): El sistema no puede encontrar la ruta especificada. (code: 3) at C:\\xampp\\htdocs\\Tienda_Jh_soft_ecommerce\\vendor\\symfony\\symfony\\src\\Symfony\\Component\\Cache\\Traits\\FilesystemCommonTrait.php:58)"} []
[2024-01-22 23:09:45] cache.WARNING: Failed to clear the cache {"exception":"[object] (UnexpectedValueException(code: 0): RecursiveDirectoryIterator::__construct(C:\\xampp\\htdocs\\Tienda_Jh_soft_ecommerce\\var\\cache\\prod\\pools\\WTQTfV6Ltl\\,C:\\xampp\\htdocs\\Tienda_Jh_soft_ecommerce\\var\\cache\\prod\\pools\\WTQTfV6Ltl\\): El sistema no puede encontrar la ruta especificada. (code: 3) at C:\\xampp\\htdocs\\Tienda_Jh_soft_ecommerce\\vendor\\symfony\\symfony\\src\\Symfony\\Component\\Cache\\Traits\\FilesystemCommonTrait.php:58)"} []
[2024-01-22 23:09:45] security.DEBUG: Stored the security token in the session. {"key":"_security_main"} []
[2024-01-22 23:17:17] request.INFO: Matched route "api_translation_value_edit". {"route":"api_translation_value_edit","route_parameters":{"_controller":"prestashop.core.api.translation.controller:translationEditAction","_legacy_controller":"AdminTranslations","_route":"api_translation_value_edit"},"request_uri":"http://localhost/Tienda_Jh_soft_ecommerce/admin969ku2sir/index.php/api/translations/edit?_token=hJan5GLMKSbUKrE6E6iPgH9U1_IPkWxrij0a_UyiUZU","method":"POST"} []
[2024-01-22 23:17:17] security.DEBUG: Read existing security token from the session. {"key":"_security_main","token_class":"Symfony\\Component\\Security\\Core\\Authentication\\Token\\UsernamePasswordToken"} []
[2024-01-22 23:17:17] security.DEBUG: User was reloaded from a user provider. {"provider":"PrestaShopBundle\\Security\\Admin\\EmployeeProvider","username":"jhon@gmail.com"} []
[2024-01-22 23:17:17] app.ERROR: No result was found for query although at least one row was expected. {"object_type":"Translation"} []
[2024-01-22 23:17:17] cache.WARNING: Failed to clear the cache {"exception":"[object] (UnexpectedValueException(code: 0): RecursiveDirectoryIterator::__construct(C:\\xampp\\htdocs\\Tienda_Jh_soft_ecommerce\\var\\cache\\prod\\pools\\Aip4vHPnmh\\,C:\\xampp\\htdocs\\Tienda_Jh_soft_ecommerce\\var\\cache\\prod\\pools\\Aip4vHPnmh\\): El sistema no puede encontrar la ruta especificada. (code: 3) at C:\\xampp\\htdocs\\Tienda_Jh_soft_ecommerce\\vendor\\symfony\\symfony\\src\\Symfony\\Component\\Cache\\Traits\\FilesystemCommonTrait.php:58)"} []
[2024-01-22 23:17:17] cache.WARNING: Failed to clear the cache {"exception":"[object] (UnexpectedValueException(code: 0): RecursiveDirectoryIterator::__construct(C:\\xampp\\htdocs\\Tienda_Jh_soft_ecommerce\\var\\cache\\prod\\pools\\ldjgwhLj4i\\,C:\\xampp\\htdocs\\Tienda_Jh_soft_ecommerce\\var\\cache\\prod\\pools\\ldjgwhLj4i\\): El sistema no puede encontrar la ruta especificada. (code: 3) at C:\\xampp\\htdocs\\Tienda_Jh_soft_ecommerce\\vendor\\symfony\\symfony\\src\\Symfony\\Component\\Cache\\Traits\\FilesystemCommonTrait.php:58)"} []
[2024-01-22 23:17:17] cache.WARNING: Failed to clear the cache {"exception":"[object] (UnexpectedValueException(code: 0): RecursiveDirectoryIterator::__construct(C:\\xampp\\htdocs\\Tienda_Jh_soft_ecommerce\\var\\cache\\prod\\pools\\ooX0AeVtYi\\,C:\\xampp\\htdocs\\Tienda_Jh_soft_ecommerce\\var\\cache\\prod\\pools\\ooX0AeVtYi\\): El sistema no puede encontrar la ruta especificada. (code: 3) at C:\\xampp\\htdocs\\Tienda_Jh_soft_ecommerce\\vendor\\symfony\\symfony\\src\\Symfony\\Component\\Cache\\Traits\\FilesystemCommonTrait.php:58)"} []
[2024-01-22 23:17:17] cache.WARNING: Failed to clear the cache {"exception":"[object] (UnexpectedValueException(code: 0): RecursiveDirectoryIterator::__construct(C:\\xampp\\htdocs\\Tienda_Jh_soft_ecommerce\\var\\cache\\prod/pools\\WTQTfV6Ltl\\,C:\\xampp\\htdocs\\Tienda_Jh_soft_ecommerce\\var\\cache\\prod/pools\\WTQTfV6Ltl\\): El sistema no puede encontrar la ruta especificada. (code: 3) at C:\\xampp\\htdocs\\Tienda_Jh_soft_ecommerce\\vendor\\symfony\\symfony\\src\\Symfony\\Component\\Cache\\Traits\\FilesystemCommonTrait.php:58)"} []
[2024-01-22 23:17:17] security.DEBUG: Stored the security token in the session. {"key":"_security_main"} []
